<?xml version='1.0' encoding='UTF-8'?>
<testsuite hostname="DESKTOP-2U75T5U" name="BeerSongTest" tests="8" errors="0" failures="0" skipped="1" time="0.036" timestamp="2019-09-16T15:30:00">
                     <properties>
[...]
</properties>
                     <testcase classname="BeerSongTest" name="first generic verse" time="0.029">
                                                 
                                               </testcase><testcase classname="BeerSongTest" name="last generic verse" time="0.001">
                                                 
                                               </testcase><testcase classname="BeerSongTest" name="verse with 2 bottles" time="0.001">
                                                 
                                               </testcase><testcase classname="BeerSongTest" name="verse with 1 bottle" time="0.001">
                                                 
                                               </testcase><testcase classname="BeerSongTest" name="verse with 0 bottles" time="0.001">
                                                 
                                               </testcase><testcase classname="BeerSongTest" name="first two verses" time="0.001">
                                                 
                                               </testcase><testcase classname="BeerSongTest" name="last three verses" time="0.001">
                                                 
                                               </testcase><testcase classname="BeerSongTest" name="all verses" time="0.001">
                                                 <skipped/>
                                               </testcase>
                     <system-out><![CDATA[]]></system-out>
                     <system-err><![CDATA[]]></system-err>
                   </testsuite>